<?xml version="1.0" encoding="UTF-8"?>
<coverage generated="1765641775043" clover="3.2.0">
  <project timestamp="1765641775043" name="All files">
    <metrics statements="91" coveredstatements="78" conditionals="39" coveredconditionals="31" methods="15" coveredmethods="12" elements="145" coveredelements="121" complexity="0" loc="91" ncloc="91" packages="1" files="5" classes="5"/>
    <file name="NativeModule.ts" path="/Users/josephajayi/Documents/Projects/react-native-session-timeout/src/NativeModule.ts">
      <metrics statements="3" coveredstatements="0" conditionals="2" coveredconditionals="0" methods="1" coveredmethods="0"/>
      <line num="4" count="0" type="stmt"/>
      <line num="9" count="0" type="cond" truecount="0" falsecount="2"/>
      <line num="15" count="0" type="stmt"/>
    </file>
    <file name="SessionTimeoutContext.tsx" path="/Users/josephajayi/Documents/Projects/react-native-session-timeout/src/SessionTimeoutContext.tsx">
      <metrics statements="5" coveredstatements="5" conditionals="2" coveredconditionals="2" methods="1" coveredmethods="1"/>
      <line num="4" count="2" type="stmt"/>
      <line num="7" count="27" type="stmt"/>
      <line num="9" count="27" type="cond" truecount="2" falsecount="0"/>
      <line num="10" count="2" type="stmt"/>
      <line num="15" count="25" type="stmt"/>
    </file>
    <file name="SessionTimeoutProvider.tsx" path="/Users/josephajayi/Documents/Projects/react-native-session-timeout/src/SessionTimeoutProvider.tsx">
      <metrics statements="83" coveredstatements="73" conditionals="35" coveredconditionals="29" methods="13" coveredmethods="11"/>
      <line num="20" count="2" type="stmt"/>
      <line num="31" count="25" type="stmt"/>
      <line num="32" count="25" type="stmt"/>
      <line num="33" count="25" type="stmt"/>
      <line num="35" count="25" type="stmt"/>
      <line num="36" count="25" type="stmt"/>
      <line num="37" count="25" type="stmt"/>
      <line num="40" count="25" type="stmt"/>
      <line num="41" count="5" type="stmt"/>
      <line num="42" count="5" type="stmt"/>
      <line num="43" count="5" type="stmt"/>
      <line num="46" count="5" type="cond" truecount="4" falsecount="0"/>
      <line num="47" count="2" type="cond" truecount="1" falsecount="1"/>
      <line num="48" count="2" type="stmt"/>
      <line num="49" count="2" type="stmt"/>
      <line num="50" count="2" type="stmt"/>
      <line num="55" count="5" type="cond" truecount="2" falsecount="0"/>
      <line num="56" count="1" type="stmt"/>
      <line num="57" count="1" type="stmt"/>
      <line num="58" count="1" type="stmt"/>
      <line num="59" count="1" type="cond" truecount="1" falsecount="1"/>
      <line num="60" count="1" type="stmt"/>
      <line num="61" count="1" type="stmt"/>
      <line num="65" count="0" type="stmt"/>
      <line num="70" count="25" type="stmt"/>
      <line num="71" count="16" type="stmt"/>
      <line num="72" count="16" type="stmt"/>
      <line num="73" count="16" type="stmt"/>
      <line num="74" count="16" type="stmt"/>
      <line num="75" count="16" type="stmt"/>
      <line num="78" count="16" type="cond" truecount="1" falsecount="1"/>
      <line num="79" count="0" type="stmt"/>
      <line num="81" count="16" type="stmt"/>
      <line num="83" count="0" type="stmt"/>
      <line num="88" count="25" type="stmt"/>
      <line num="89" count="2" type="stmt"/>
      <line num="90" count="2" type="stmt"/>
      <line num="91" count="2" type="stmt"/>
      <line num="92" count="2" type="stmt"/>
      <line num="93" count="2" type="stmt"/>
      <line num="94" count="2" type="stmt"/>
      <line num="96" count="0" type="stmt"/>
      <line num="101" count="25" type="stmt"/>
      <line num="102" count="4" type="stmt"/>
      <line num="103" count="4" type="stmt"/>
      <line num="104" count="4" type="stmt"/>
      <line num="105" count="4" type="cond" truecount="2" falsecount="0"/>
      <line num="106" count="3" type="stmt"/>
      <line num="107" count="3" type="stmt"/>
      <line num="110" count="0" type="stmt"/>
      <line num="115" count="25" type="stmt"/>
      <line num="116" count="2" type="stmt"/>
      <line num="117" count="2" type="stmt"/>
      <line num="118" count="2" type="stmt"/>
      <line num="119" count="2" type="cond" truecount="2" falsecount="0"/>
      <line num="120" count="1" type="stmt"/>
      <line num="123" count="0" type="stmt"/>
      <line num="128" count="25" type="stmt"/>
      <line num="129" count="17" type="stmt"/>
      <line num="130" count="3" type="cond" truecount="2" falsecount="0"/>
      <line num="135" count="1" type="cond" truecount="1" falsecount="1"/>
      <line num="136" count="1" type="stmt"/>
      <line num="138" count="2" type="cond" truecount="1" falsecount="1"/>
      <line num="143" count="2" type="cond" truecount="1" falsecount="1"/>
      <line num="144" count="2" type="stmt"/>
      <line num="148" count="3" type="stmt"/>
      <line num="151" count="17" type="stmt"/>
      <line num="152" count="17" type="stmt"/>
      <line num="157" count="25" type="stmt"/>
      <line num="158" count="17" type="cond" truecount="2" falsecount="0"/>
      <line num="159" count="16" type="stmt"/>
      <line num="161" count="1" type="stmt"/>
      <line num="164" count="17" type="stmt"/>
      <line num="165" count="17" type="cond" truecount="2" falsecount="0"/>
      <line num="166" count="12" type="stmt"/>
      <line num="168" count="17" type="stmt"/>
      <line num="173" count="25" type="stmt"/>
      <line num="176" count="0" type="stmt"/>
      <line num="177" count="0" type="stmt"/>
      <line num="180" count="0" type="stmt"/>
      <line num="181" count="0" type="stmt"/>
      <line num="186" count="25" type="stmt"/>
      <line num="195" count="25" type="stmt"/>
    </file>
    <file name="index.tsx" path="/Users/josephajayi/Documents/Projects/react-native-session-timeout/src/index.tsx">
      <metrics statements="0" coveredstatements="0" conditionals="0" coveredconditionals="0" methods="0" coveredmethods="0"/>
    </file>
    <file name="types.ts" path="/Users/josephajayi/Documents/Projects/react-native-session-timeout/src/types.ts">
      <metrics statements="0" coveredstatements="0" conditionals="0" coveredconditionals="0" methods="0" coveredmethods="0"/>
    </file>
  </project>
</coverage>
