{
  "/Users/josephajayi/Documents/Projects/react-native-session-timeout/src/NativeModule.ts": {
    "path": "/Users/josephajayi/Documents/Projects/react-native-session-timeout/src/NativeModule.ts",
    "statementMap": {
      "0": {
        "start": { "line": 4, "column": 2 },
        "end": { "line": 7, "column": 33 }
      },
      "1": {
        "start": { "line": 9, "column": 29 },
        "end": { "line": 18, "column": 5 }
      },
      "2": {
        "start": { "line": 15, "column": 10 },
        "end": { "line": 15, "column": 41 }
      }
    },
    "fnMap": {
      "0": {
        "name": "(anonymous_0)",
        "decl": {
          "start": { "line": 14, "column": 8 },
          "end": { "line": 14, "column": 9 }
        },
        "loc": {
          "start": { "line": 14, "column": 14 },
          "end": { "line": 16, "column": 9 }
        },
        "line": 14
      }
    },
    "branchMap": {
      "0": {
        "loc": {
          "start": { "line": 9, "column": 29 },
          "end": { "line": 18, "column": 5 }
        },
        "type": "cond-expr",
        "locations": [
          {
            "start": { "line": 10, "column": 4 },
            "end": { "line": 10, "column": 38 }
          },
          {
            "start": { "line": 11, "column": 4 },
            "end": { "line": 18, "column": 5 }
          }
        ],
        "line": 9
      }
    },
    "s": { "0": 0, "1": 0, "2": 0 },
    "f": { "0": 0 },
    "b": { "0": [0, 0] }
  },
  "/Users/josephajayi/Documents/Projects/react-native-session-timeout/src/SessionTimeoutContext.tsx": {
    "path": "/Users/josephajayi/Documents/Projects/react-native-session-timeout/src/SessionTimeoutContext.tsx",
    "statementMap": {
      "0": {
        "start": { "line": 4, "column": 37 },
        "end": { "line": 4, "column": 91 }
      },
      "1": {
        "start": { "line": 7, "column": 18 },
        "end": { "line": 7, "column": 51 }
      },
      "2": {
        "start": { "line": 9, "column": 2 },
        "end": { "line": 13, "column": 3 }
      },
      "3": {
        "start": { "line": 10, "column": 4 },
        "end": { "line": 12, "column": 6 }
      },
      "4": {
        "start": { "line": 15, "column": 2 },
        "end": { "line": 15, "column": 17 }
      }
    },
    "fnMap": {
      "0": {
        "name": "useSessionTimeout",
        "decl": {
          "start": { "line": 6, "column": 16 },
          "end": { "line": 6, "column": 33 }
        },
        "loc": {
          "start": { "line": 6, "column": 64 },
          "end": { "line": 16, "column": 1 }
        },
        "line": 6
      }
    },
    "branchMap": {
      "0": {
        "loc": {
          "start": { "line": 9, "column": 2 },
          "end": { "line": 13, "column": 3 }
        },
        "type": "if",
        "locations": [
          {
            "start": { "line": 9, "column": 2 },
            "end": { "line": 13, "column": 3 }
          },
          { "start": {}, "end": {} }
        ],
        "line": 9
      }
    },
    "s": { "0": 2, "1": 27, "2": 27, "3": 2, "4": 25 },
    "f": { "0": 27 },
    "b": { "0": [2, 25] },
    "_coverageSchema": "1a1c01bbd47fc00a2c39e90264f33305004495a9",
    "hash": "0624e2ff7c4541f54028c78444be9dd40ef20f6f"
  },
  "/Users/josephajayi/Documents/Projects/react-native-session-timeout/src/SessionTimeoutProvider.tsx": {
    "path": "/Users/josephajayi/Documents/Projects/react-native-session-timeout/src/SessionTimeoutProvider.tsx",
    "statementMap": {
      "0": {
        "start": { "line": 20, "column": 21 },
        "end": { "line": 20, "column": 79 }
      },
      "1": {
        "start": { "line": 31, "column": 36 },
        "end": { "line": 31, "column": 51 }
      },
      "2": {
        "start": { "line": 32, "column": 44 },
        "end": { "line": 32, "column": 61 }
      },
      "3": {
        "start": { "line": 33, "column": 34 },
        "end": { "line": 33, "column": 51 }
      },
      "4": {
        "start": { "line": 35, "column": 30 },
        "end": { "line": 35, "column": 43 }
      },
      "5": {
        "start": { "line": 36, "column": 22 },
        "end": { "line": 36, "column": 57 }
      },
      "6": {
        "start": { "line": 37, "column": 22 },
        "end": { "line": 37, "column": 51 }
      },
      "7": {
        "start": { "line": 40, "column": 30 },
        "end": { "line": 67, "column": 45 }
      },
      "8": {
        "start": { "line": 41, "column": 4 },
        "end": { "line": 66, "column": 5 }
      },
      "9": {
        "start": { "line": 42, "column": 24 },
        "end": { "line": 42, "column": 69 }
      },
      "10": {
        "start": { "line": 43, "column": 6 },
        "end": { "line": 43, "column": 34 }
      },
      "11": {
        "start": { "line": 46, "column": 6 },
        "end": { "line": 52, "column": 7 }
      },
      "12": {
        "start": { "line": 47, "column": 8 },
        "end": { "line": 51, "column": 9 }
      },
      "13": {
        "start": { "line": 48, "column": 10 },
        "end": { "line": 48, "column": 45 }
      },
      "14": {
        "start": { "line": 49, "column": 10 },
        "end": { "line": 49, "column": 29 }
      },
      "15": {
        "start": { "line": 50, "column": 10 },
        "end": { "line": 50, "column": 33 }
      },
      "16": {
        "start": { "line": 55, "column": 6 },
        "end": { "line": 63, "column": 7 }
      },
      "17": {
        "start": { "line": 56, "column": 8 },
        "end": { "line": 56, "column": 28 }
      },
      "18": {
        "start": { "line": 57, "column": 8 },
        "end": { "line": 57, "column": 27 }
      },
      "19": {
        "start": { "line": 58, "column": 8 },
        "end": { "line": 58, "column": 20 }
      },
      "20": {
        "start": { "line": 59, "column": 8 },
        "end": { "line": 62, "column": 9 }
      },
      "21": {
        "start": { "line": 60, "column": 10 },
        "end": { "line": 60, "column": 45 }
      },
      "22": {
        "start": { "line": 61, "column": 10 },
        "end": { "line": 61, "column": 37 }
      },
      "23": {
        "start": { "line": 65, "column": 6 },
        "end": { "line": 65, "column": 61 }
      },
      "24": {
        "start": { "line": 70, "column": 21 },
        "end": { "line": 85, "column": 36 }
      },
      "25": {
        "start": { "line": 71, "column": 4 },
        "end": { "line": 84, "column": 5 }
      },
      "26": {
        "start": { "line": 72, "column": 6 },
        "end": { "line": 72, "column": 53 }
      },
      "27": {
        "start": { "line": 73, "column": 6 },
        "end": { "line": 73, "column": 24 }
      },
      "28": {
        "start": { "line": 74, "column": 6 },
        "end": { "line": 74, "column": 26 }
      },
      "29": {
        "start": { "line": 75, "column": 6 },
        "end": { "line": 75, "column": 42 }
      },
      "30": {
        "start": { "line": 78, "column": 6 },
        "end": { "line": 80, "column": 7 }
      },
      "31": {
        "start": { "line": 79, "column": 8 },
        "end": { "line": 79, "column": 43 }
      },
      "32": {
        "start": { "line": 81, "column": 6 },
        "end": { "line": 81, "column": 67 }
      },
      "33": {
        "start": { "line": 83, "column": 6 },
        "end": { "line": 83, "column": 52 }
      },
      "34": {
        "start": { "line": 88, "column": 21 },
        "end": { "line": 98, "column": 15 }
      },
      "35": {
        "start": { "line": 89, "column": 4 },
        "end": { "line": 97, "column": 5 }
      },
      "36": {
        "start": { "line": 90, "column": 6 },
        "end": { "line": 90, "column": 46 }
      },
      "37": {
        "start": { "line": 91, "column": 6 },
        "end": { "line": 91, "column": 32 }
      },
      "38": {
        "start": { "line": 92, "column": 6 },
        "end": { "line": 92, "column": 26 }
      },
      "39": {
        "start": { "line": 93, "column": 6 },
        "end": { "line": 93, "column": 42 }
      },
      "40": {
        "start": { "line": 94, "column": 6 },
        "end": { "line": 94, "column": 24 }
      },
      "41": {
        "start": { "line": 96, "column": 6 },
        "end": { "line": 96, "column": 53 }
      },
      "42": {
        "start": { "line": 101, "column": 21 },
        "end": { "line": 112, "column": 8 }
      },
      "43": {
        "start": { "line": 102, "column": 4 },
        "end": { "line": 111, "column": 5 }
      },
      "44": {
        "start": { "line": 103, "column": 6 },
        "end": { "line": 103, "column": 46 }
      },
      "45": {
        "start": { "line": 104, "column": 6 },
        "end": { "line": 104, "column": 25 }
      },
      "46": {
        "start": { "line": 105, "column": 6 },
        "end": { "line": 108, "column": 7 }
      },
      "47": {
        "start": { "line": 106, "column": 8 },
        "end": { "line": 106, "column": 43 }
      },
      "48": {
        "start": { "line": 107, "column": 8 },
        "end": { "line": 107, "column": 35 }
      },
      "49": {
        "start": { "line": 110, "column": 6 },
        "end": { "line": 110, "column": 51 }
      },
      "50": {
        "start": { "line": 115, "column": 22 },
        "end": { "line": 125, "column": 27 }
      },
      "51": {
        "start": { "line": 116, "column": 4 },
        "end": { "line": 124, "column": 5 }
      },
      "52": {
        "start": { "line": 117, "column": 6 },
        "end": { "line": 117, "column": 47 }
      },
      "53": {
        "start": { "line": 118, "column": 6 },
        "end": { "line": 118, "column": 24 }
      },
      "54": {
        "start": { "line": 119, "column": 6 },
        "end": { "line": 121, "column": 7 }
      },
      "55": {
        "start": { "line": 120, "column": 8 },
        "end": { "line": 120, "column": 69 }
      },
      "56": {
        "start": { "line": 123, "column": 6 },
        "end": { "line": 123, "column": 52 }
      },
      "57": {
        "start": { "line": 128, "column": 2 },
        "end": { "line": 154, "column": 51 }
      },
      "58": {
        "start": { "line": 129, "column": 25 },
        "end": { "line": 149, "column": 6 }
      },
      "59": {
        "start": { "line": 130, "column": 6 },
        "end": { "line": 146, "column": 7 }
      },
      "60": {
        "start": { "line": 135, "column": 8 },
        "end": { "line": 137, "column": 9 }
      },
      "61": {
        "start": { "line": 136, "column": 10 },
        "end": { "line": 136, "column": 30 }
      },
      "62": {
        "start": { "line": 138, "column": 13 },
        "end": { "line": 146, "column": 7 }
      },
      "63": {
        "start": { "line": 143, "column": 8 },
        "end": { "line": 145, "column": 9 }
      },
      "64": {
        "start": { "line": 144, "column": 10 },
        "end": { "line": 144, "column": 29 }
      },
      "65": {
        "start": { "line": 148, "column": 6 },
        "end": { "line": 148, "column": 41 }
      },
      "66": {
        "start": { "line": 151, "column": 4 },
        "end": { "line": 153, "column": 6 }
      },
      "67": {
        "start": { "line": 152, "column": 6 },
        "end": { "line": 152, "column": 28 }
      },
      "68": {
        "start": { "line": 157, "column": 2 },
        "end": { "line": 170, "column": 40 }
      },
      "69": {
        "start": { "line": 158, "column": 4 },
        "end": { "line": 162, "column": 5 }
      },
      "70": {
        "start": { "line": 159, "column": 6 },
        "end": { "line": 159, "column": 19 }
      },
      "71": {
        "start": { "line": 161, "column": 6 },
        "end": { "line": 161, "column": 19 }
      },
      "72": {
        "start": { "line": 164, "column": 4 },
        "end": { "line": 169, "column": 6 }
      },
      "73": {
        "start": { "line": 165, "column": 6 },
        "end": { "line": 167, "column": 7 }
      },
      "74": {
        "start": { "line": 166, "column": 8 },
        "end": { "line": 166, "column": 43 }
      },
      "75": {
        "start": { "line": 168, "column": 6 },
        "end": { "line": 168, "column": 60 }
      },
      "76": {
        "start": { "line": 173, "column": 23 },
        "end": { "line": 184, "column": 11 }
      },
      "77": {
        "start": { "line": 176, "column": 8 },
        "end": { "line": 176, "column": 21 }
      },
      "78": {
        "start": { "line": 177, "column": 8 },
        "end": { "line": 177, "column": 21 }
      },
      "79": {
        "start": { "line": 180, "column": 8 },
        "end": { "line": 180, "column": 21 }
      },
      "80": {
        "start": { "line": 181, "column": 8 },
        "end": { "line": 181, "column": 21 }
      },
      "81": {
        "start": { "line": 186, "column": 23 },
        "end": { "line": 193, "column": 3 }
      },
      "82": {
        "start": { "line": 195, "column": 2 },
        "end": { "line": 201, "column": 4 }
      }
    },
    "fnMap": {
      "0": {
        "name": "SessionTimeoutProvider",
        "decl": {
          "start": { "line": 22, "column": 16 },
          "end": { "line": 22, "column": 38 }
        },
        "loc": {
          "start": { "line": 30, "column": 44 },
          "end": { "line": 202, "column": 1 }
        },
        "line": 30
      },
      "1": {
        "name": "(anonymous_1)",
        "decl": {
          "start": { "line": 40, "column": 42 },
          "end": { "line": 40, "column": 43 }
        },
        "loc": {
          "start": { "line": 40, "column": 54 },
          "end": { "line": 67, "column": 3 }
        },
        "line": 40
      },
      "2": {
        "name": "(anonymous_2)",
        "decl": {
          "start": { "line": 70, "column": 33 },
          "end": { "line": 70, "column": 34 }
        },
        "loc": {
          "start": { "line": 70, "column": 45 },
          "end": { "line": 85, "column": 3 }
        },
        "line": 70
      },
      "3": {
        "name": "(anonymous_3)",
        "decl": {
          "start": { "line": 88, "column": 33 },
          "end": { "line": 88, "column": 34 }
        },
        "loc": {
          "start": { "line": 88, "column": 45 },
          "end": { "line": 98, "column": 3 }
        },
        "line": 88
      },
      "4": {
        "name": "(anonymous_4)",
        "decl": {
          "start": { "line": 101, "column": 33 },
          "end": { "line": 101, "column": 34 }
        },
        "loc": {
          "start": { "line": 101, "column": 45 },
          "end": { "line": 112, "column": 3 }
        },
        "line": 101
      },
      "5": {
        "name": "(anonymous_5)",
        "decl": {
          "start": { "line": 115, "column": 34 },
          "end": { "line": 115, "column": 35 }
        },
        "loc": {
          "start": { "line": 115, "column": 46 },
          "end": { "line": 125, "column": 3 }
        },
        "line": 115
      },
      "6": {
        "name": "(anonymous_6)",
        "decl": {
          "start": { "line": 128, "column": 12 },
          "end": { "line": 128, "column": 13 }
        },
        "loc": {
          "start": { "line": 128, "column": 18 },
          "end": { "line": 154, "column": 3 }
        },
        "line": 128
      },
      "7": {
        "name": "(anonymous_7)",
        "decl": {
          "start": { "line": 129, "column": 61 },
          "end": { "line": 129, "column": 62 }
        },
        "loc": {
          "start": { "line": 129, "column": 101 },
          "end": { "line": 149, "column": 5 }
        },
        "line": 129
      },
      "8": {
        "name": "(anonymous_8)",
        "decl": {
          "start": { "line": 151, "column": 11 },
          "end": { "line": 151, "column": 12 }
        },
        "loc": {
          "start": { "line": 151, "column": 17 },
          "end": { "line": 153, "column": 5 }
        },
        "line": 151
      },
      "9": {
        "name": "(anonymous_9)",
        "decl": {
          "start": { "line": 157, "column": 12 },
          "end": { "line": 157, "column": 13 }
        },
        "loc": {
          "start": { "line": 157, "column": 18 },
          "end": { "line": 170, "column": 3 }
        },
        "line": 157
      },
      "10": {
        "name": "(anonymous_10)",
        "decl": {
          "start": { "line": 164, "column": 11 },
          "end": { "line": 164, "column": 12 }
        },
        "loc": {
          "start": { "line": 164, "column": 17 },
          "end": { "line": 169, "column": 5 }
        },
        "line": 164
      },
      "11": {
        "name": "(anonymous_11)",
        "decl": {
          "start": { "line": 175, "column": 36 },
          "end": { "line": 175, "column": 37 }
        },
        "loc": {
          "start": { "line": 175, "column": 42 },
          "end": { "line": 178, "column": 7 }
        },
        "line": 175
      },
      "12": {
        "name": "(anonymous_12)",
        "decl": {
          "start": { "line": 179, "column": 35 },
          "end": { "line": 179, "column": 36 }
        },
        "loc": {
          "start": { "line": 179, "column": 41 },
          "end": { "line": 182, "column": 7 }
        },
        "line": 179
      }
    },
    "branchMap": {
      "0": {
        "loc": {
          "start": { "line": 25, "column": 2 },
          "end": { "line": 25, "column": 25 }
        },
        "type": "default-arg",
        "locations": [
          {
            "start": { "line": 25, "column": 20 },
            "end": { "line": 25, "column": 25 }
          }
        ],
        "line": 25
      },
      "1": {
        "loc": {
          "start": { "line": 28, "column": 2 },
          "end": { "line": 28, "column": 16 }
        },
        "type": "default-arg",
        "locations": [
          {
            "start": { "line": 28, "column": 12 },
            "end": { "line": 28, "column": 16 }
          }
        ],
        "line": 28
      },
      "2": {
        "loc": {
          "start": { "line": 29, "column": 2 },
          "end": { "line": 29, "column": 27 }
        },
        "type": "default-arg",
        "locations": [
          {
            "start": { "line": 29, "column": 22 },
            "end": { "line": 29, "column": 27 }
          }
        ],
        "line": 29
      },
      "3": {
        "loc": {
          "start": { "line": 46, "column": 6 },
          "end": { "line": 52, "column": 7 }
        },
        "type": "if",
        "locations": [
          {
            "start": { "line": 46, "column": 6 },
            "end": { "line": 52, "column": 7 }
          },
          { "start": {}, "end": {} }
        ],
        "line": 46
      },
      "4": {
        "loc": {
          "start": { "line": 46, "column": 10 },
          "end": { "line": 46, "column": 55 }
        },
        "type": "binary-expr",
        "locations": [
          {
            "start": { "line": 46, "column": 10 },
            "end": { "line": 46, "column": 38 }
          },
          {
            "start": { "line": 46, "column": 42 },
            "end": { "line": 46, "column": 55 }
          }
        ],
        "line": 46
      },
      "5": {
        "loc": {
          "start": { "line": 47, "column": 8 },
          "end": { "line": 51, "column": 9 }
        },
        "type": "if",
        "locations": [
          {
            "start": { "line": 47, "column": 8 },
            "end": { "line": 51, "column": 9 }
          },
          { "start": {}, "end": {} }
        ],
        "line": 47
      },
      "6": {
        "loc": {
          "start": { "line": 55, "column": 6 },
          "end": { "line": 63, "column": 7 }
        },
        "type": "if",
        "locations": [
          {
            "start": { "line": 55, "column": 6 },
            "end": { "line": 63, "column": 7 }
          },
          { "start": {}, "end": {} }
        ],
        "line": 55
      },
      "7": {
        "loc": {
          "start": { "line": 59, "column": 8 },
          "end": { "line": 62, "column": 9 }
        },
        "type": "if",
        "locations": [
          {
            "start": { "line": 59, "column": 8 },
            "end": { "line": 62, "column": 9 }
          },
          { "start": {}, "end": {} }
        ],
        "line": 59
      },
      "8": {
        "loc": {
          "start": { "line": 78, "column": 6 },
          "end": { "line": 80, "column": 7 }
        },
        "type": "if",
        "locations": [
          {
            "start": { "line": 78, "column": 6 },
            "end": { "line": 80, "column": 7 }
          },
          { "start": {}, "end": {} }
        ],
        "line": 78
      },
      "9": {
        "loc": {
          "start": { "line": 105, "column": 6 },
          "end": { "line": 108, "column": 7 }
        },
        "type": "if",
        "locations": [
          {
            "start": { "line": 105, "column": 6 },
            "end": { "line": 108, "column": 7 }
          },
          { "start": {}, "end": {} }
        ],
        "line": 105
      },
      "10": {
        "loc": {
          "start": { "line": 119, "column": 6 },
          "end": { "line": 121, "column": 7 }
        },
        "type": "if",
        "locations": [
          {
            "start": { "line": 119, "column": 6 },
            "end": { "line": 121, "column": 7 }
          },
          { "start": {}, "end": {} }
        ],
        "line": 119
      },
      "11": {
        "loc": {
          "start": { "line": 130, "column": 6 },
          "end": { "line": 146, "column": 7 }
        },
        "type": "if",
        "locations": [
          {
            "start": { "line": 130, "column": 6 },
            "end": { "line": 146, "column": 7 }
          },
          {
            "start": { "line": 138, "column": 13 },
            "end": { "line": 146, "column": 7 }
          }
        ],
        "line": 130
      },
      "12": {
        "loc": {
          "start": { "line": 131, "column": 8 },
          "end": { "line": 132, "column": 33 }
        },
        "type": "binary-expr",
        "locations": [
          {
            "start": { "line": 131, "column": 8 },
            "end": { "line": 131, "column": 56 }
          },
          {
            "start": { "line": 132, "column": 8 },
            "end": { "line": 132, "column": 33 }
          }
        ],
        "line": 131
      },
      "13": {
        "loc": {
          "start": { "line": 135, "column": 8 },
          "end": { "line": 137, "column": 9 }
        },
        "type": "if",
        "locations": [
          {
            "start": { "line": 135, "column": 8 },
            "end": { "line": 137, "column": 9 }
          },
          { "start": {}, "end": {} }
        ],
        "line": 135
      },
      "14": {
        "loc": {
          "start": { "line": 138, "column": 13 },
          "end": { "line": 146, "column": 7 }
        },
        "type": "if",
        "locations": [
          {
            "start": { "line": 138, "column": 13 },
            "end": { "line": 146, "column": 7 }
          },
          { "start": {}, "end": {} }
        ],
        "line": 138
      },
      "15": {
        "loc": {
          "start": { "line": 139, "column": 8 },
          "end": { "line": 140, "column": 49 }
        },
        "type": "binary-expr",
        "locations": [
          {
            "start": { "line": 139, "column": 8 },
            "end": { "line": 139, "column": 40 }
          },
          {
            "start": { "line": 140, "column": 8 },
            "end": { "line": 140, "column": 49 }
          }
        ],
        "line": 139
      },
      "16": {
        "loc": {
          "start": { "line": 143, "column": 8 },
          "end": { "line": 145, "column": 9 }
        },
        "type": "if",
        "locations": [
          {
            "start": { "line": 143, "column": 8 },
            "end": { "line": 145, "column": 9 }
          },
          { "start": {}, "end": {} }
        ],
        "line": 143
      },
      "17": {
        "loc": {
          "start": { "line": 158, "column": 4 },
          "end": { "line": 162, "column": 5 }
        },
        "type": "if",
        "locations": [
          {
            "start": { "line": 158, "column": 4 },
            "end": { "line": 162, "column": 5 }
          },
          {
            "start": { "line": 160, "column": 11 },
            "end": { "line": 162, "column": 5 }
          }
        ],
        "line": 158
      },
      "18": {
        "loc": {
          "start": { "line": 165, "column": 6 },
          "end": { "line": 167, "column": 7 }
        },
        "type": "if",
        "locations": [
          {
            "start": { "line": 165, "column": 6 },
            "end": { "line": 167, "column": 7 }
          },
          { "start": {}, "end": {} }
        ],
        "line": 165
      }
    },
    "s": {
      "0": 2,
      "1": 25,
      "2": 25,
      "3": 25,
      "4": 25,
      "5": 25,
      "6": 25,
      "7": 25,
      "8": 5,
      "9": 5,
      "10": 5,
      "11": 5,
      "12": 2,
      "13": 2,
      "14": 2,
      "15": 2,
      "16": 5,
      "17": 1,
      "18": 1,
      "19": 1,
      "20": 1,
      "21": 1,
      "22": 1,
      "23": 0,
      "24": 25,
      "25": 16,
      "26": 16,
      "27": 16,
      "28": 16,
      "29": 16,
      "30": 16,
      "31": 0,
      "32": 16,
      "33": 0,
      "34": 25,
      "35": 2,
      "36": 2,
      "37": 2,
      "38": 2,
      "39": 2,
      "40": 2,
      "41": 0,
      "42": 25,
      "43": 4,
      "44": 4,
      "45": 4,
      "46": 4,
      "47": 3,
      "48": 3,
      "49": 0,
      "50": 25,
      "51": 2,
      "52": 2,
      "53": 2,
      "54": 2,
      "55": 1,
      "56": 0,
      "57": 25,
      "58": 17,
      "59": 3,
      "60": 1,
      "61": 1,
      "62": 2,
      "63": 2,
      "64": 2,
      "65": 3,
      "66": 17,
      "67": 17,
      "68": 25,
      "69": 17,
      "70": 16,
      "71": 1,
      "72": 17,
      "73": 17,
      "74": 12,
      "75": 17,
      "76": 25,
      "77": 0,
      "78": 0,
      "79": 0,
      "80": 0,
      "81": 25,
      "82": 25
    },
    "f": {
      "0": 25,
      "1": 5,
      "2": 16,
      "3": 2,
      "4": 4,
      "5": 2,
      "6": 17,
      "7": 3,
      "8": 17,
      "9": 17,
      "10": 17,
      "11": 0,
      "12": 0
    },
    "b": {
      "0": [19],
      "1": [23],
      "2": [20],
      "3": [2, 3],
      "4": [5, 3],
      "5": [2, 0],
      "6": [1, 4],
      "7": [1, 0],
      "8": [0, 16],
      "9": [3, 1],
      "10": [1, 1],
      "11": [1, 2],
      "12": [3, 1],
      "13": [1, 0],
      "14": [2, 0],
      "15": [2, 2],
      "16": [2, 0],
      "17": [16, 1],
      "18": [12, 5]
    },
    "_coverageSchema": "1a1c01bbd47fc00a2c39e90264f33305004495a9",
    "hash": "9592b69c560b597eeb30357dfa71e838ec72e18c"
  },
  "/Users/josephajayi/Documents/Projects/react-native-session-timeout/src/index.tsx": {
    "path": "/Users/josephajayi/Documents/Projects/react-native-session-timeout/src/index.tsx",
    "statementMap": {},
    "fnMap": {},
    "branchMap": {},
    "s": {},
    "f": {},
    "b": {}
  },
  "/Users/josephajayi/Documents/Projects/react-native-session-timeout/src/types.ts": {
    "path": "/Users/josephajayi/Documents/Projects/react-native-session-timeout/src/types.ts",
    "statementMap": {},
    "fnMap": {},
    "branchMap": {},
    "s": {},
    "f": {},
    "b": {}
  }
}
