TN:
SF:src/NativeModule.ts
FN:14,(anonymous_0)
FNF:1
FNH:0
FNDA:0,(anonymous_0)
DA:4,0
DA:9,0
DA:15,0
LF:3
LH:0
BRDA:9,0,0,0
BRDA:9,0,1,0
BRF:2
BRH:0
end_of_record
TN:
SF:src/SessionTimeoutContext.tsx
FN:6,useSessionTimeout
FNF:1
FNH:1
FNDA:27,useSessionTimeout
DA:4,2
DA:7,27
DA:9,27
DA:10,2
DA:15,25
LF:5
LH:5
BRDA:9,0,0,2
BRDA:9,0,1,25
BRF:2
BRH:2
end_of_record
TN:
SF:src/SessionTimeoutProvider.tsx
FN:22,SessionTimeoutProvider
FN:40,(anonymous_1)
FN:70,(anonymous_2)
FN:88,(anonymous_3)
FN:101,(anonymous_4)
FN:115,(anonymous_5)
FN:128,(anonymous_6)
FN:129,(anonymous_7)
FN:151,(anonymous_8)
FN:157,(anonymous_9)
FN:164,(anonymous_10)
FN:175,(anonymous_11)
FN:179,(anonymous_12)
FNF:13
FNH:11
FNDA:25,SessionTimeoutProvider
FNDA:5,(anonymous_1)
FNDA:16,(anonymous_2)
FNDA:2,(anonymous_3)
FNDA:4,(anonymous_4)
FNDA:2,(anonymous_5)
FNDA:17,(anonymous_6)
FNDA:3,(anonymous_7)
FNDA:17,(anonymous_8)
FNDA:17,(anonymous_9)
FNDA:17,(anonymous_10)
FNDA:0,(anonymous_11)
FNDA:0,(anonymous_12)
DA:20,2
DA:31,25
DA:32,25
DA:33,25
DA:35,25
DA:36,25
DA:37,25
DA:40,25
DA:41,5
DA:42,5
DA:43,5
DA:46,5
DA:47,2
DA:48,2
DA:49,2
DA:50,2
DA:55,5
DA:56,1
DA:57,1
DA:58,1
DA:59,1
DA:60,1
DA:61,1
DA:65,0
DA:70,25
DA:71,16
DA:72,16
DA:73,16
DA:74,16
DA:75,16
DA:78,16
DA:79,0
DA:81,16
DA:83,0
DA:88,25
DA:89,2
DA:90,2
DA:91,2
DA:92,2
DA:93,2
DA:94,2
DA:96,0
DA:101,25
DA:102,4
DA:103,4
DA:104,4
DA:105,4
DA:106,3
DA:107,3
DA:110,0
DA:115,25
DA:116,2
DA:117,2
DA:118,2
DA:119,2
DA:120,1
DA:123,0
DA:128,25
DA:129,17
DA:130,3
DA:135,1
DA:136,1
DA:138,2
DA:143,2
DA:144,2
DA:148,3
DA:151,17
DA:152,17
DA:157,25
DA:158,17
DA:159,16
DA:161,1
DA:164,17
DA:165,17
DA:166,12
DA:168,17
DA:173,25
DA:176,0
DA:177,0
DA:180,0
DA:181,0
DA:186,25
DA:195,25
LF:83
LH:73
BRDA:25,0,0,19
BRDA:28,1,0,23
BRDA:29,2,0,20
BRDA:46,3,0,2
BRDA:46,3,1,3
BRDA:46,4,0,5
BRDA:46,4,1,3
BRDA:47,5,0,2
BRDA:47,5,1,0
BRDA:55,6,0,1
BRDA:55,6,1,4
BRDA:59,7,0,1
BRDA:59,7,1,0
BRDA:78,8,0,0
BRDA:78,8,1,16
BRDA:105,9,0,3
BRDA:105,9,1,1
BRDA:119,10,0,1
BRDA:119,10,1,1
BRDA:130,11,0,1
BRDA:130,11,1,2
BRDA:131,12,0,3
BRDA:131,12,1,1
BRDA:135,13,0,1
BRDA:135,13,1,0
BRDA:138,14,0,2
BRDA:138,14,1,0
BRDA:139,15,0,2
BRDA:139,15,1,2
BRDA:143,16,0,2
BRDA:143,16,1,0
BRDA:158,17,0,16
BRDA:158,17,1,1
BRDA:165,18,0,12
BRDA:165,18,1,5
BRF:35
BRH:29
end_of_record
TN:
SF:src/index.tsx
FNF:0
FNH:0
LF:0
LH:0
BRF:0
BRH:0
end_of_record
TN:
SF:src/types.ts
FNF:0
FNH:0
LF:0
LH:0
BRF:0
BRH:0
end_of_record
